2025-02-28 16:00:25,796 - backtest_engine - INFO - Starting backtest...
2025-02-28 16:00:25,823 - trading_strategy - INFO - Time:2025-02-23 10:36:00 Opening LONG position using RSI - Price: $96,171.86,PREV_RSI: 11.02, RSI: 30.55
2025-02-28 16:00:25,856 - trade_logger_RSI - INFO - Indicator: RSI, Entry Time: 2025-02-23 10:36:00, Entry Price: $96,171.86, Exit Time: 2025-02-23 11:20:00, Exit Price: $96,226.42, RSI Prev: 70.77, RSI Entry: 11.02, RSI Exit: 60.09, Profit/Loss: 0.06%
2025-02-28 16:00:25,881 - trading_strategy - INFO - Time:2025-02-23 11:41:00 Opening LONG position using RSI - Price: $96,141.28,PREV_RSI: 25.54, RSI: 35.45
2025-02-28 16:00:25,962 - trade_logger_RSI - INFO - Indicator: RSI, Entry Time: 2025-02-23 11:41:00, Entry Price: $96,141.28, Exit Time: 2025-02-23 13:07:00, Exit Price: $95,929.65, RSI Prev: 71.41, RSI Entry: 25.54, RSI Exit: 69.65, Profit/Loss: -0.22%
2025-02-28 16:00:26,038 - trading_strategy - INFO - Time:2025-02-23 14:41:00 Opening LONG position using RSI - Price: $95,825.99,PREV_RSI: 29.79, RSI: 34.71
2025-02-28 16:00:26,191 - trade_logger_RSI - INFO - Indicator: RSI, Entry Time: 2025-02-23 14:41:00, Entry Price: $95,825.99, Exit Time: 2025-02-23 17:40:00, Exit Price: $95,478.73, RSI Prev: 79.26, RSI Entry: 29.79, RSI Exit: 63.92, Profit/Loss: -0.36%
2025-02-28 16:00:26,299 - trading_strategy - INFO - Time:2025-02-23 19:49:00 Opening LONG position using RSI - Price: $95,739.10,PREV_RSI: 29.42, RSI: 33.41
2025-02-28 16:00:26,355 - trade_logger_RSI - INFO - Indicator: RSI, Entry Time: 2025-02-23 19:49:00, Entry Price: $95,739.10, Exit Time: 2025-02-23 21:00:00, Exit Price: $95,765.68, RSI Prev: 73.26, RSI Entry: 29.42, RSI Exit: 58.54, Profit/Loss: 0.03%
2025-02-28 16:00:26,366 - trading_strategy - INFO - Time:2025-02-23 21:16:00 Opening LONG position using RSI - Price: $95,742.65,PREV_RSI: 29.10, RSI: 52.23
2025-02-28 16:00:26,395 - trade_logger_RSI - INFO - Indicator: RSI, Entry Time: 2025-02-23 21:16:00, Entry Price: $95,742.65, Exit Time: 2025-02-23 21:56:00, Exit Price: $95,748.52, RSI Prev: 81.68, RSI Entry: 29.10, RSI Exit: 69.80, Profit/Loss: 0.01%
2025-02-28 16:00:26,413 - trading_strategy - INFO - Time:2025-02-23 22:25:00 Opening LONG position using RSI - Price: $95,604.84,PREV_RSI: 24.34, RSI: 35.79
2025-02-28 16:00:26,437 - trade_logger_RSI - INFO - Indicator: RSI, Entry Time: 2025-02-23 22:25:00, Entry Price: $95,604.84, Exit Time: 2025-02-23 22:53:00, Exit Price: $95,901.33, RSI Prev: 76.65, RSI Entry: 24.34, RSI Exit: 69.89, Profit/Loss: 0.31%
2025-02-28 16:00:26,598 - trading_strategy - INFO - Time:2025-02-24 01:42:00 Opening LONG position using RSI - Price: $95,880.00,PREV_RSI: 27.14, RSI: 38.01
2025-02-28 16:00:26,763 - trade_logger_RSI - INFO - Indicator: RSI, Entry Time: 2025-02-24 01:42:00, Entry Price: $95,880.00, Exit Time: 2025-02-24 05:18:00, Exit Price: $95,522.00, RSI Prev: 70.94, RSI Entry: 27.14, RSI Exit: 66.01, Profit/Loss: -0.37%
2025-02-28 16:00:26,952 - trading_strategy - INFO - Time:2025-02-24 08:32:00 Opening LONG position using RSI - Price: $95,462.49,PREV_RSI: 26.02, RSI: 33.29
2025-02-28 16:00:27,015 - trade_logger_RSI - INFO - Indicator: RSI, Entry Time: 2025-02-24 08:32:00, Entry Price: $95,462.49, Exit Time: 2025-02-24 09:35:00, Exit Price: $96,053.83, RSI Prev: 71.38, RSI Entry: 26.02, RSI Exit: 69.66, Profit/Loss: 0.62%
2025-02-28 16:00:27,025 - trading_strategy - INFO - Time:2025-02-24 09:50:00 Opening LONG position using RSI - Price: $95,630.00,PREV_RSI: 25.87, RSI: 33.22
2025-02-28 16:00:27,110 - trade_logger_RSI - INFO - Indicator: RSI, Entry Time: 2025-02-24 09:50:00, Entry Price: $95,630.00, Exit Time: 2025-02-24 11:43:00, Exit Price: $95,778.86, RSI Prev: 72.45, RSI Entry: 25.87, RSI Exit: 66.08, Profit/Loss: 0.16%
2025-02-28 16:00:27,162 - trading_strategy - INFO - Time:2025-02-24 13:06:00 Opening LONG position using RSI - Price: $95,514.80,PREV_RSI: 28.84, RSI: 35.88
2025-02-28 16:00:27,288 - trade_logger_RSI - INFO - Indicator: RSI, Entry Time: 2025-02-24 13:06:00, Entry Price: $95,514.80, Exit Time: 2025-02-24 16:14:00, Exit Price: $94,726.87, RSI Prev: 70.92, RSI Entry: 28.84, RSI Exit: 64.03, Profit/Loss: -0.82%
2025-02-28 16:00:27,955 - trading_strategy - INFO - Time:2025-02-24 18:48:00 Opening LONG position using RSI - Price: $94,335.36,PREV_RSI: 29.80, RSI: 36.53
2025-02-28 16:00:28,104 - trade_logger_RSI - INFO - Indicator: RSI, Entry Time: 2025-02-24 18:48:00, Entry Price: $94,335.36, Exit Time: 2025-02-24 21:34:00, Exit Price: $94,267.55, RSI Prev: 70.20, RSI Entry: 29.80, RSI Exit: 64.66, Profit/Loss: -0.07%
2025-02-28 16:00:28,125 - trading_strategy - INFO - Time:2025-02-24 22:04:00 Opening LONG position using RSI - Price: $93,603.02,PREV_RSI: 17.73, RSI: 33.79
2025-02-28 16:00:28,362 - trade_logger_RSI - INFO - Indicator: RSI, Entry Time: 2025-02-24 22:04:00, Entry Price: $93,603.02, Exit Time: 2025-02-25 02:48:00, Exit Price: $92,427.44, RSI Prev: 72.36, RSI Entry: 17.73, RSI Exit: 66.74, Profit/Loss: -1.26%
2025-02-28 16:00:28,462 - trading_strategy - INFO - Time:2025-02-25 04:03:00 Opening LONG position using RSI - Price: $92,007.81,PREV_RSI: 28.10, RSI: 35.32
2025-02-28 16:00:29,011 - trade_logger_RSI - INFO - Indicator: RSI, Entry Time: 2025-02-25 04:03:00, Entry Price: $92,007.81, Exit Time: 2025-02-25 12:00:00, Exit Price: $89,185.32, RSI Prev: 74.96, RSI Entry: 28.10, RSI Exit: 69.95, Profit/Loss: -3.07%
2025-02-28 16:00:29,086 - trading_strategy - INFO - Time:2025-02-25 13:38:00 Opening LONG position using RSI - Price: $88,881.08,PREV_RSI: 28.16, RSI: 36.35
2025-02-28 16:00:29,114 - trade_logger_RSI - INFO - Indicator: RSI, Entry Time: 2025-02-25 13:38:00, Entry Price: $88,881.08, Exit Time: 2025-02-25 14:16:00, Exit Price: $89,220.35, RSI Prev: 74.92, RSI Entry: 28.16, RSI Exit: 66.08, Profit/Loss: 0.38%
2025-02-28 16:00:29,139 - trading_strategy - INFO - Time:2025-02-25 14:51:00 Opening LONG position using RSI - Price: $87,534.01,PREV_RSI: 25.60, RSI: 31.06
2025-02-28 16:00:29,225 - trade_logger_RSI - INFO - Indicator: RSI, Entry Time: 2025-02-25 14:51:00, Entry Price: $87,534.01, Exit Time: 2025-02-25 16:46:00, Exit Price: $87,364.91, RSI Prev: 72.19, RSI Entry: 25.60, RSI Exit: 67.73, Profit/Loss: -0.19%
2025-02-28 16:00:29,340 - trading_strategy - INFO - Time:2025-02-25 19:17:00 Opening LONG position using RSI - Price: $86,689.88,PREV_RSI: 26.53, RSI: 34.50
2025-02-28 16:00:29,364 - trade_logger_RSI - INFO - Indicator: RSI, Entry Time: 2025-02-25 19:17:00, Entry Price: $86,689.88, Exit Time: 2025-02-25 19:49:00, Exit Price: $87,607.17, RSI Prev: 71.07, RSI Entry: 26.53, RSI Exit: 69.20, Profit/Loss: 1.06%
2025-02-28 16:00:29,588 - trading_strategy - INFO - Time:2025-02-26 00:13:00 Opening LONG position using RSI - Price: $88,491.47,PREV_RSI: 27.22, RSI: 34.91
2025-02-28 16:00:29,661 - trade_logger_RSI - INFO - Indicator: RSI, Entry Time: 2025-02-26 00:13:00, Entry Price: $88,491.47, Exit Time: 2025-02-26 01:57:00, Exit Price: $88,785.03, RSI Prev: 76.46, RSI Entry: 27.22, RSI Exit: 68.68, Profit/Loss: 0.33%
2025-02-28 16:00:29,787 - trading_strategy - INFO - Time:2025-02-26 04:53:00 Opening LONG position using RSI - Price: $88,850.46,PREV_RSI: 29.16, RSI: 30.14
2025-02-28 16:00:29,888 - trade_logger_RSI - INFO - Indicator: RSI, Entry Time: 2025-02-26 04:53:00, Entry Price: $88,850.46, Exit Time: 2025-02-26 07:15:00, Exit Price: $89,046.90, RSI Prev: 72.97, RSI Entry: 29.16, RSI Exit: 64.96, Profit/Loss: 0.22%
2025-02-28 16:00:29,905 - trading_strategy - INFO - Time:2025-02-26 07:40:00 Opening LONG position using RSI - Price: $88,645.67,PREV_RSI: 21.85, RSI: 30.13
2025-02-28 16:00:29,980 - trade_logger_RSI - INFO - Indicator: RSI, Entry Time: 2025-02-26 07:40:00, Entry Price: $88,645.67, Exit Time: 2025-02-26 09:17:00, Exit Price: $88,814.04, RSI Prev: 75.82, RSI Entry: 21.85, RSI Exit: 67.25, Profit/Loss: 0.19%
2025-02-28 16:00:30,108 - trading_strategy - INFO - Time:2025-02-26 11:30:00 Opening LONG position using RSI - Price: $88,960.37,PREV_RSI: 29.81, RSI: 31.98
2025-02-28 16:00:30,258 - trade_logger_RSI - INFO - Indicator: RSI, Entry Time: 2025-02-26 11:30:00, Entry Price: $88,960.37, Exit Time: 2025-02-26 14:50:00, Exit Price: $87,148.86, RSI Prev: 70.26, RSI Entry: 29.81, RSI Exit: 64.62, Profit/Loss: -2.04%
2025-02-28 16:00:30,313 - trading_strategy - INFO - Time:2025-02-26 16:13:00 Opening LONG position using RSI - Price: $86,938.01,PREV_RSI: 23.45, RSI: 30.48
2025-02-28 16:00:30,556 - trade_logger_RSI - INFO - Indicator: RSI, Entry Time: 2025-02-26 16:13:00, Entry Price: $86,938.01, Exit Time: 2025-02-26 22:07:00, Exit Price: $85,266.00, RSI Prev: 74.31, RSI Entry: 23.45, RSI Exit: 69.88, Profit/Loss: -1.92%
2025-02-28 16:00:30,608 - trading_strategy - INFO - Time:2025-02-26 23:24:00 Opening LONG position using RSI - Price: $84,081.56,PREV_RSI: 27.16, RSI: 36.65
2025-02-28 16:00:30,724 - trade_logger_RSI - INFO - Indicator: RSI, Entry Time: 2025-02-26 23:24:00, Entry Price: $84,081.56, Exit Time: 2025-02-27 01:29:00, Exit Price: $85,238.73, RSI Prev: 78.81, RSI Entry: 27.16, RSI Exit: 67.59, Profit/Loss: 1.38%
2025-02-28 16:00:30,788 - trading_strategy - INFO - Time:2025-02-27 02:38:00 Opening LONG position using RSI - Price: $84,502.48,PREV_RSI: 28.29, RSI: 30.95
2025-02-28 16:00:30,894 - trade_logger_RSI - INFO - Indicator: RSI, Entry Time: 2025-02-27 02:38:00, Entry Price: $84,502.48, Exit Time: 2025-02-27 04:57:00, Exit Price: $85,156.84, RSI Prev: 70.68, RSI Entry: 28.29, RSI Exit: 58.44, Profit/Loss: 0.77%
2025-02-28 16:00:31,060 - trading_strategy - INFO - Time:2025-02-27 08:28:00 Opening LONG position using RSI - Price: $86,011.16,PREV_RSI: 29.61, RSI: 33.24
2025-02-28 16:00:31,149 - trade_logger_RSI - INFO - Indicator: RSI, Entry Time: 2025-02-27 08:28:00, Entry Price: $86,011.16, Exit Time: 2025-02-27 10:09:00, Exit Price: $86,421.10, RSI Prev: 70.05, RSI Entry: 29.61, RSI Exit: 63.05, Profit/Loss: 0.48%
2025-02-28 16:00:31,283 - trading_strategy - INFO - Time:2025-02-27 12:57:00 Opening LONG position using RSI - Price: $86,323.67,PREV_RSI: 29.74, RSI: 35.30
2025-02-28 16:00:31,673 - trade_logger_RSI - INFO - Indicator: RSI, Entry Time: 2025-02-27 12:57:00, Entry Price: $86,323.67, Exit Time: 2025-02-27 21:19:00, Exit Price: $84,173.70, RSI Prev: 73.40, RSI Entry: 29.74, RSI Exit: 68.33, Profit/Loss: -2.49%
2025-02-28 16:00:31,830 - trading_strategy - INFO - Time:2025-02-28 00:50:00 Opening LONG position using RSI - Price: $84,363.36,PREV_RSI: 26.10, RSI: 34.77
2025-02-28 16:00:31,919 - trade_logger_RSI - INFO - Indicator: RSI, Entry Time: 2025-02-28 00:50:00, Entry Price: $84,363.36, Exit Time: 2025-02-28 03:06:00, Exit Price: $81,370.92, RSI Prev: 71.28, RSI Entry: 26.10, RSI Exit: 66.31, Profit/Loss: -3.55%
2025-02-28 16:00:31,967 - trading_strategy - INFO - Time:2025-02-28 04:07:00 Opening LONG position using RSI - Price: $79,926.01,PREV_RSI: 26.40, RSI: 37.37
2025-02-28 16:00:32,188 - trade_logger_RSI - INFO - Indicator: RSI, Entry Time: 2025-02-28 04:07:00, Entry Price: $79,926.01, Exit Time: 2025-02-28 09:24:00, Exit Price: $79,760.94, RSI Prev: 71.49, RSI Entry: 26.40, RSI Exit: 67.42, Profit/Loss: -0.21%
2025-02-28 16:00:32,244 - backtest_engine - INFO - Backtest completed
